2   wlan  All-in-one  Sony       21”_screen             SVT_21215_CXB     5c:51:4f
3   wlan  Laptop      Acer       _                      V5-552P           08:9e:01
4   wlan  Laptop      Apple      MacBook_Air            MD_760_LL/A       84:38:35
5   wlan  Laptop      Apple      MacBook_Air            MD_760_LL/A       84:38:35
6   wlan  Laptop      Apple      MacBook_Pro            ME_293_LL/A       88:1f:a1
7   wlan  Laptop      Apple      MacBook_Pro            ME_294_LL/A       b8:e8:56
8   wlan  Laptop      Apple      MacBook_Pro            ME_864_LL/A       b8:e8:56
9   wlan  Laptop      Asus       _                      Q301LA_BH15_T02   24:0a:64
10  wlan  Laptop      Asus       _                      Q501LA_BB15_T03   24:0a:64
11  wlan  Laptop      Asus       _                      Q550LF_BB17_T07   24:0a:64
12  wlan  Laptop      Asus       _                      UX302LA_BH15_T08  5c:51:4f
13  wlan  Laptop      Dell       _                      I_7347T_2509_SLV  0c:8b:fd
14  wlan  Laptop      Dell       _                      I_7537T_3341_SLV  0c:8b:fd
15  wlan  Laptop      Dell       _                      I_7537T_4340_SLV  0c:8b:fd
16  wlan  Laptop      Dell       _                      I_7737_4340_SLV   78:45:c4
17  wlan  Laptop      Dell       Inspiron               1545              70:f1:a1
18  wlan  Laptop      Gateway    _                      NV570_P09U        20:1a:06
19  wlan  Laptop      HP         _                      11_H013_DX        34:23:07
20  wlan  Laptop      HP         _                      15_N013_DX        40:f0:2f
21  wlan  Laptop      HP         _                      2000_2D22_DX      a0:d3:c1
22  wlan  Laptop      HP         _                      2000_2D24_DX      a0:d3:c1
23  wlan  Laptop      HP         _                      2000              a0:d3:c1
24  wlan  Laptop      HP         _                      EOL_06UA_#ABA     a0:48:1c
25  wlan  Laptop      HP         _                      M6_K025_DX        60:6c:66
26  wlan  Laptop      HP         _                      M7_5020_DX        68:17:29
27  wlan  Laptop      HP         Pavilion               15-n020US         a0:48:1c
28  wlan  Laptop      HP         Pavillion              17-e040US         d4:c9:ef
29  wlan  Laptop      HP         _                      Spectre_13        5c:51:4f
30  wlan  Laptop      Lenovo     _                      G500S             20:89:84
31  wlan  Laptop      Lenovo     Touch                  U430              08:9e:01
32  wlan  Laptop      Lenovo     Touch                  U530              08:9e:01
33  wlan  Laptop      Lenovo     Yoga                   A11S              48:d2:24
34  wlan  Laptop      Microsoft  Surface_Pro            6CX_00001         28:18:78
35  wlan  Laptop      Microsoft  Surface_Pro            SHX_00001         28:18:78
36  wlan  Laptop      Microsoft  Surface_Pro            SHX_00001         28:18:78
37  wlan  Laptop      Sony       Vaio                   SVF_13N13_CXB     5c:51:4f
38  wlan  Laptop      Sony       Vaio                   SVF_14N11_CXB     3c:77:e6
39  wlan  Laptop      Sony       Vaio                   SVF_14N13_CXB     30:f9:ed
40  wlan  Laptop      Toshiba    _                      C55-A5281         2c:d0:5a
41  wlan  Laptop      Toshiba    _                      C55_A5310         00:8c:fa
42  wlan  Laptop      Toshiba    _                      C55DT_A5306       64:5a:04
43  wlan  Laptop      Toshiba    _                      E45T_A4300        20:1a:06
44  wlan  Laptop      Toshiba    _                      L55-A5284         2c:d0:5a
45  wlan  Tablet      Samsung    Galaxy_Note_10.1_2014  SM_P6000_ZKY_XAR  e4:92:fb
46  wlan  Tablet      Samsung    Galaxy_Note_10.1       GT_N8013_EAY_XAR  88:30:8a
47  wlan  Tablet      Samsung    Galaxy_Note_9.0        GT_N5110_WY_XAR   a8:06:00
48  wlan  Tablet      Samsung    Galaxy_Tab_3_10.1      GT_P5210_GNY_XAR  08:fc:88
49  wlan  Tablet      Samsung    Galaxy_Tab_3_7.0       SM_T210_RZWY_XAR  f0:6b:ca
